<?xml version="1.0" encoding="UTF-8"?>
<testsuite xmlns:xsi="http://www.w3.org/2001/XMLSchema-instance" xsi:noNamespaceSchemaLocation="https://maven.apache.org/surefire/maven-surefire-plugin/xsd/surefire-test-report-3.0.xsd" version="3.0" name="ioc.dam.meteoevents.MeteoeventsApplicationTests" time="7.695" tests="1" errors="0" skipped="0" failures="0">
  <properties>
[...]
</properties>
  <testcase name="contextLoads" classname="ioc.dam.meteoevents.MeteoeventsApplicationTests" time="0.878">
    <system-out><![CDATA[20:37:24.093 [main] INFO org.springframework.test.context.support.AnnotationConfigContextLoaderUtils -- Could not detect default configuration classes for test class [ioc.dam.meteoevents.MeteoeventsApplicationTests]: MeteoeventsApplicationTests does not declare any static, non-private, non-final, nested classes annotated with @Configuration.
20:37:24.246 [main] INFO org.springframework.boot.test.context.SpringBootTestContextBootstrapper -- Found @SpringBootConfiguration ioc.dam.meteoevents.MeteoeventsApplication for test class ioc.dam.meteoevents.MeteoeventsApplicationTests

  .   ____          _            __ _ _
 /\\ / ___'_ __ _ _(_)_ __  __ _ \ \ \ \
( ( )\___ | '_ | '_| | '_ \/ _` | \ \ \ \
 \\/  ___)| |_)| | | | | || (_| |  ) ) ) )
  '  |____| .__|_| |_|_| |_\__, | / / / /
 =========|_|==============|___/=/_/_/_/

 :: Spring Boot ::                (v3.3.4)

2024-10-13T20:37:24.881+02:00  INFO 38164 --- [meteoevents] [           main] i.d.m.MeteoeventsApplicationTests        : Starting MeteoeventsApplicationTests using Java 21.0.4 with PID 38164 (started by rhospital in C:\git\meteoevents_server)
2024-10-13T20:37:24.883+02:00  INFO 38164 --- [meteoevents] [           main] i.d.m.MeteoeventsApplicationTests        : No active profile set, falling back to 1 default profile: "default"
2024-10-13T20:37:25.997+02:00  INFO 38164 --- [meteoevents] [           main] .s.d.r.c.RepositoryConfigurationDelegate : Bootstrapping Spring Data JPA repositories in DEFAULT mode.
2024-10-13T20:37:26.090+02:00  INFO 38164 --- [meteoevents] [           main] .s.d.r.c.RepositoryConfigurationDelegate : Finished Spring Data repository scanning in 82 ms. Found 1 JPA repository interface.
2024-10-13T20:37:26.738+02:00  INFO 38164 --- [meteoevents] [           main] o.hibernate.jpa.internal.util.LogHelper  : HHH000204: Processing PersistenceUnitInfo [name: default]
2024-10-13T20:37:26.827+02:00  INFO 38164 --- [meteoevents] [           main] org.hibernate.Version                    : HHH000412: Hibernate ORM core version 6.5.3.Final
2024-10-13T20:37:26.866+02:00  INFO 38164 --- [meteoevents] [           main] o.h.c.internal.RegionFactoryInitiator    : HHH000026: Second-level cache disabled
2024-10-13T20:37:27.336+02:00  INFO 38164 --- [meteoevents] [           main] o.s.o.j.p.SpringPersistenceUnitInfo      : No LoadTimeWeaver setup: ignoring JPA class transformer
2024-10-13T20:37:27.376+02:00  INFO 38164 --- [meteoevents] [           main] com.zaxxer.hikari.HikariDataSource       : HikariPool-1 - Starting...
2024-10-13T20:37:27.763+02:00  INFO 38164 --- [meteoevents] [           main] com.zaxxer.hikari.pool.HikariPool        : HikariPool-1 - Added connection org.postgresql.jdbc.PgConnection@278fe428
2024-10-13T20:37:27.765+02:00  INFO 38164 --- [meteoevents] [           main] com.zaxxer.hikari.HikariDataSource       : HikariPool-1 - Start completed.
2024-10-13T20:37:27.812+02:00  WARN 38164 --- [meteoevents] [           main] org.hibernate.orm.deprecation            : HHH90000025: PostgreSQLDialect does not need to be specified explicitly using 'hibernate.dialect' (remove the property setting and it will be selected by default)
2024-10-13T20:37:28.857+02:00  INFO 38164 --- [meteoevents] [           main] o.h.e.t.j.p.i.JtaPlatformInitiator       : HHH000489: No JTA platform available (set 'hibernate.transaction.jta.platform' to enable JTA platform integration)
2024-10-13T20:37:29.060+02:00  INFO 38164 --- [meteoevents] [           main] j.LocalContainerEntityManagerFactoryBean : Initialized JPA EntityManagerFactory for persistence unit 'default'
2024-10-13T20:37:29.511+02:00  WARN 38164 --- [meteoevents] [           main] o.s.aop.framework.CglibAopProxy          : Unable to proxy interface-implementing method [public final void org.springframework.web.filter.OncePerRequestFilter.doFilter(jakarta.servlet.ServletRequest,jakarta.servlet.ServletResponse,jakarta.servlet.FilterChain) throws jakarta.servlet.ServletException,java.io.IOException] because it is marked as final, consider using interface-based JDK proxies instead.
2024-10-13T20:37:29.511+02:00  WARN 38164 --- [meteoevents] [           main] o.s.aop.framework.CglibAopProxy          : Unable to proxy interface-implementing method [public final void org.springframework.web.filter.GenericFilterBean.init(jakarta.servlet.FilterConfig) throws jakarta.servlet.ServletException] because it is marked as final, consider using interface-based JDK proxies instead.
2024-10-13T20:37:29.629+02:00  WARN 38164 --- [meteoevents] [           main] JpaBaseConfiguration$JpaWebConfiguration : spring.jpa.open-in-view is enabled by default. Therefore, database queries may be performed during view rendering. Explicitly configure spring.jpa.open-in-view to disable this warning
2024-10-13T20:37:29.675+02:00  INFO 38164 --- [meteoevents] [           main] r$InitializeUserDetailsManagerConfigurer : Global AuthenticationManager configured with UserDetailsService bean with name userDetailsService
2024-10-13T20:37:30.632+02:00  INFO 38164 --- [meteoevents] [           main] i.d.m.MeteoeventsApplicationTests        : Started MeteoeventsApplicationTests in 6.156 seconds (process running for 7.692)
]]></system-out>
    <system-err><![CDATA[WARNING: A Java agent has been loaded dynamically (C:\Users\rhospital\.m2\repository\net\bytebuddy\byte-buddy-agent\1.14.19\byte-buddy-agent-1.14.19.jar)
WARNING: If a serviceability tool is in use, please run with -XX:+EnableDynamicAgentLoading to hide this warning
WARNING: If a serviceability tool is not in use, please run with -Djdk.instrument.traceUsage for more information
WARNING: Dynamic loading of agents will be disallowed by default in a future release
]]></system-err>
  </testcase>
</testsuite>